<?xml version="1.0" encoding="UTF-8"?>
<!-- Generated by org.testng.reporters.JUnitXMLReporter -->
<testsuite hostname="SON04601" ignored="0" name="Default test" tests="3" failures="0" timestamp="2020-05-01T15:28:10 EDT" time="2.602" errors="0">
  <testcase name="addNewEmployees" time="1.798" classname="DataDrivenTest.DataDrivenTest_AddNewEmployees"/>
  <testcase name="addNewEmployees" time="0.394" classname="DataDrivenTest.DataDrivenTest_AddNewEmployees"/>
  <testcase name="addNewEmployees" time="0.374" classname="DataDrivenTest.DataDrivenTest_AddNewEmployees"/>
</testsuite> <!-- Default test -->
