<?xml version="1.0" encoding="UTF-8"?>
<!-- Generated by org.testng.reporters.JUnitXMLReporter -->
<testsuite hostname="SON04601" ignored="0" name="Default test" tests="5" failures="0" timestamp="2020-05-01T17:22:23 EDT" time="9.266" errors="0">
  <testcase name="addNewEmployees" time="1.92" classname="DataDrivenTest.DataDrivenTest_AddNewEmployees"/>
  <testcase name="addNewEmployees" time="4.556" classname="DataDrivenTest.DataDrivenTest_AddNewEmployees"/>
  <testcase name="addNewEmployees" time="0.503" classname="DataDrivenTest.DataDrivenTest_AddNewEmployees"/>
  <testcase name="addNewEmployees" time="0.482" classname="DataDrivenTest.DataDrivenTest_AddNewEmployees"/>
  <testcase name="addNewEmployees" time="0.476" classname="DataDrivenTest.DataDrivenTest_AddNewEmployees"/>
</testsuite> <!-- Default test -->
