<?xml version="1.0" encoding="UTF-8"?>
<testng-results skipped="0" failed="0" ignored="0" total="1" passed="1">
  <reporter-output>
  </reporter-output>
  <suite name="Default suite" duration-ms="1605" started-at="2020-04-30T15:16:21 EDT" finished-at="2020-04-30T15:16:22 EDT">
    <groups>
    </groups>
    <test name="Default test" duration-ms="1605" started-at="2020-04-30T15:16:21 EDT" finished-at="2020-04-30T15:16:22 EDT">
      <class name="API.TC002_POST_Request">
        <test-method status="PASS" signature="RegistrationSuccessful()[pri:0, instance:API.TC002_POST_Request@db79f79a]" name="RegistrationSuccessful" duration-ms="1575" started-at="2020-04-30T15:16:21 EDT" finished-at="2020-04-30T15:16:22 EDT">
          <reporter-output>
          </reporter-output>
        </test-method> <!-- RegistrationSuccessful -->
      </class> <!-- API.TC002_POST_Request -->
    </test> <!-- Default test -->
  </suite> <!-- Default suite -->
</testng-results>
